# JRE version: OpenJDK Runtime Environment (17.0.6) (build 17.0.6+0-b2043.56-9586694)
# Java VM: OpenJDK 64-Bit Server VM (17.0.6+0-b2043.56-9586694, mixed mode, tiered, compressed oops, compressed class ptrs, g1 gc, windows-amd64)
GC Precious Log:
 CPUs: 8 total, 8 available
 Memory: 7900M
 Large Page Support: Disabled
 NUMA Support: Disabled
 Compressed Oops: Enabled (32-bit)
 Heap Region Size: 1M
 Heap Min Capacity: 8M
 Heap Initial Capacity: 124M
 Heap Max Capacity: 2G
 Pre-touch: Disabled
 Parallel Workers: 8
 Concurrent Workers: 2
 Concurrent Refinement Workers: 8
 Periodic GC: Disabled
Heap:
 garbage-first heap   total 162816K, used 100970K [0x0000000080000000, 0x0000000100000000)
  region size 1024K, 11 young (11264K), 2 survivors (2048K)
 Metaspace       used 49369K, committed 49728K, reserved 1097728K
  class space    used 6543K, committed 6720K, reserved 1048576K
GC Heap History (20 events):
Event: 3.395 GC heap before
{Heap before GC invocations=15 (full 0):
 garbage-first heap   total 99328K, used 79172K [0x0000000080000000, 0x0000000100000000)
  region size 1024K, 22 young (22528K), 3 survivors (3072K)
 Metaspace       used 39694K, committed 40064K, reserved 1089536K
  class space    used 5252K, committed 5440K, reserved 1048576K
}
Event: 3.398 GC heap after
{Heap after GC invocations=16 (full 0):
 garbage-first heap   total 99328K, used 61448K [0x0000000080000000, 0x0000000100000000)
  region size 1024K, 2 young (2048K), 2 survivors (2048K)
 Metaspace       used 39694K, committed 40064K, reserved 1089536K
  class space    used 5252K, committed 5440K, reserved 1048576K
}
Event: 3.430 GC heap before
{Heap before GC invocations=17 (full 0):
 garbage-first heap   total 106496K, used 64520K [0x0000000080000000, 0x0000000100000000)
  region size 1024K, 6 young (6144K), 2 survivors (2048K)
 Metaspace       used 39924K, committed 40320K, reserved 1089536K
  class space    used 5274K, committed 5440K, reserved 1048576K
}
Event: 3.431 GC heap after
{Heap after GC invocations=18 (full 0):
 garbage-first heap   total 106496K, used 62546K [0x0000000080000000, 0x0000000100000000)
  region size 1024K, 2 young (2048K), 2 survivors (2048K)
 Metaspace       used 39924K, committed 40320K, reserved 1089536K
  class space    used 5274K, committed 5440K, reserved 1048576K
}
Event: 3.730 GC heap before
{Heap before GC invocations=19 (full 0):
 garbage-first heap   total 114688K, used 87122K [0x0000000080000000, 0x0000000100000000)
  region size 1024K, 23 young (23552K), 2 survivors (2048K)
 Metaspace       used 43363K, committed 43776K, reserved 1089536K
  class space    used 5686K, committed 5888K, reserved 1048576K
}
Event: 3.733 GC heap after
{Heap after GC invocations=20 (full 0):
 garbage-first heap   total 114688K, used 63511K [0x0000000080000000, 0x0000000100000000)
  region size 1024K, 3 young (3072K), 3 survivors (3072K)
 Metaspace       used 43363K, committed 43776K, reserved 1089536K
  class space    used 5686K, committed 5888K, reserved 1048576K
}
Event: 4.071 GC heap before
{Heap before GC invocations=20 (full 0):
 garbage-first heap   total 114688K, used 88087K [0x0000000080000000, 0x0000000100000000)
  region size 1024K, 28 young (28672K), 3 survivors (3072K)
 Metaspace       used 46788K, committed 47168K, reserved 1089536K
  class space    used 6265K, committed 6400K, reserved 1048576K
}
Event: 4.076 GC heap after
{Heap after GC invocations=21 (full 0):
 garbage-first heap   total 138240K, used 65542K [0x0000000080000000, 0x0000000100000000)
  region size 1024K, 4 young (4096K), 4 survivors (4096K)
 Metaspace       used 46788K, committed 47168K, reserved 1089536K
  class space    used 6265K, committed 6400K, reserved 1048576K
}
Event: 4.290 GC heap before
{Heap before GC invocations=22 (full 0):
 garbage-first heap   total 138240K, used 106502K [0x0000000080000000, 0x0000000100000000)
  region size 1024K, 44 young (45056K), 4 survivors (4096K)
 Metaspace       used 46962K, committed 47296K, reserved 1089536K
  class space    used 6274K, committed 6400K, reserved 1048576K
}
Event: 4.295 GC heap after
{Heap after GC invocations=23 (full 0):
 garbage-first heap   total 138240K, used 66859K [0x0000000080000000, 0x0000000100000000)
  region size 1024K, 4 young (4096K), 4 survivors (4096K)
 Metaspace       used 46962K, committed 47296K, reserved 1089536K
  class space    used 6274K, committed 6400K, reserved 1048576K
}
Event: 4.450 GC heap before
{Heap before GC invocations=23 (full 0):
 garbage-first heap   total 138240K, used 108843K [0x0000000080000000, 0x0000000100000000)
  region size 1024K, 45 young (46080K), 4 survivors (4096K)
 Metaspace       used 47012K, committed 47360K, reserved 1097728K
  class space    used 6274K, committed 6400K, reserved 1048576K
}
Event: 4.454 GC heap after
{Heap after GC invocations=24 (full 0):
 garbage-first heap   total 138240K, used 67863K [0x0000000080000000, 0x0000000100000000)
  region size 1024K, 3 young (3072K), 3 survivors (3072K)
 Metaspace       used 47012K, committed 47360K, reserved 1097728K
  class space    used 6274K, committed 6400K, reserved 1048576K
}
Event: 4.749 GC heap before
{Heap before GC invocations=25 (full 0):
 garbage-first heap   total 138240K, used 87319K [0x0000000080000000, 0x0000000100000000)
  region size 1024K, 23 young (23552K), 3 survivors (3072K)
 Metaspace       used 49347K, committed 49728K, reserved 1097728K
  class space    used 6540K, committed 6720K, reserved 1048576K
}
Event: 4.753 GC heap after
{Heap after GC invocations=26 (full 0):
 garbage-first heap   total 138240K, used 69434K [0x0000000080000000, 0x0000000100000000)
  region size 1024K, 4 young (4096K), 4 survivors (4096K)
 Metaspace       used 49347K, committed 49728K, reserved 1097728K
  class space    used 6540K, committed 6720K, reserved 1048576K
}
Event: 4.799 GC heap before
{Heap before GC invocations=27 (full 0):
 garbage-first heap   total 138240K, used 74554K [0x0000000080000000, 0x0000000100000000)
  region size 1024K, 5 young (5120K), 4 survivors (4096K)
 Metaspace       used 49347K, committed 49728K, reserved 1097728K
  class space    used 6540K, committed 6720K, reserved 1048576K
}
Event: 4.802 GC heap after
{Heap after GC invocations=28 (full 0):
 garbage-first heap   total 138240K, used 75224K [0x0000000080000000, 0x0000000100000000)
  region size 1024K, 4 young (4096K), 4 survivors (4096K)
 Metaspace       used 49347K, committed 49728K, reserved 1097728K
  class space    used 6540K, committed 6720K, reserved 1048576K
}
Event: 4.864 GC heap before
{Heap before GC invocations=29 (full 0):
 garbage-first heap   total 148480K, used 88536K [0x0000000080000000, 0x0000000100000000)
  region size 1024K, 5 young (5120K), 4 survivors (4096K)
 Metaspace       used 49347K, committed 49728K, reserved 1097728K
  class space    used 6540K, committed 6720K, reserved 1048576K
}
Event: 4.866 GC heap after
{Heap after GC invocations=30 (full 0):
 garbage-first heap   total 148480K, used 89345K [0x0000000080000000, 0x0000000100000000)
  region size 1024K, 2 young (2048K), 2 survivors (2048K)
 Metaspace       used 49347K, committed 49728K, reserved 1097728K
  class space    used 6540K, committed 6720K, reserved 1048576K
}
Event: 5.009 GC heap before
{Heap before GC invocations=31 (full 0):
 garbage-first heap   total 162816K, used 111873K [0x0000000080000000, 0x0000000100000000)
  region size 1024K, 21 young (21504K), 2 survivors (2048K)
 Metaspace       used 49368K, committed 49728K, reserved 1097728K
  class space    used 6543K, committed 6720K, reserved 1048576K
}
Event: 5.011 GC heap after
{Heap after GC invocations=32 (full 0):
 garbage-first heap   total 162816K, used 92778K [0x0000000080000000, 0x0000000100000000)
  region size 1024K, 2 young (2048K), 2 survivors (2048K)
 Metaspace       used 49368K, committed 49728K, reserved 1097728K
  class space    used 6543K, committed 6720K, reserved 1048576K
}

