# JRE version: OpenJDK Runtime Environment (17.0.6) (build 17.0.6+0-b2043.56-9586694)
# Java VM: OpenJDK 64-Bit Server VM (17.0.6+0-b2043.56-9586694, mixed mode, tiered, compressed oops, compressed class ptrs, g1 gc, windows-amd64)
GC Precious Log:
 CPUs: 8 total, 8 available
 Memory: 7900M
 Large Page Support: Disabled
 NUMA Support: Disabled
 Compressed Oops: Enabled (32-bit)
 Heap Region Size: 1M
 Heap Min Capacity: 8M
 Heap Initial Capacity: 124M
 Heap Max Capacity: 2G
 Pre-touch: Disabled
 Parallel Workers: 8
 Concurrent Workers: 2
 Concurrent Refinement Workers: 8
 Periodic GC: Disabled
Heap:
 garbage-first heap   total 124928K, used 72075K [0x0000000080000000, 0x0000000100000000)
  region size 1024K, 12 young (12288K), 1 survivors (1024K)
 Metaspace       used 42459K, committed 42880K, reserved 1089536K
  class space    used 5571K, committed 5760K, reserved 1048576K
GC Heap History (18 events):
Event: 0.495 GC heap before
{Heap before GC invocations=0 (full 0):
 garbage-first heap   total 126976K, used 28672K [0x0000000080000000, 0x0000000100000000)
  region size 1024K, 23 young (23552K), 0 survivors (0K)
 Metaspace       used 9881K, committed 10048K, reserved 1064960K
  class space    used 998K, committed 1088K, reserved 1048576K
}
Event: 0.500 GC heap after
{Heap after GC invocations=1 (full 0):
 garbage-first heap   total 126976K, used 9034K [0x0000000080000000, 0x0000000100000000)
  region size 1024K, 3 young (3072K), 3 survivors (3072K)
 Metaspace       used 9881K, committed 10048K, reserved 1064960K
  class space    used 998K, committed 1088K, reserved 1048576K
}
Event: 0.765 GC heap before
{Heap before GC invocations=1 (full 0):
 garbage-first heap   total 126976K, used 36682K [0x0000000080000000, 0x0000000100000000)
  region size 1024K, 30 young (30720K), 3 survivors (3072K)
 Metaspace       used 11150K, committed 11328K, reserved 1064960K
  class space    used 1162K, committed 1280K, reserved 1048576K
}
Event: 0.769 GC heap after
{Heap after GC invocations=2 (full 0):
 garbage-first heap   total 126976K, used 10027K [0x0000000080000000, 0x0000000100000000)
  region size 1024K, 1 young (1024K), 1 survivors (1024K)
 Metaspace       used 11150K, committed 11328K, reserved 1064960K
  class space    used 1162K, committed 1280K, reserved 1048576K
}
Event: 1.507 GC heap before
{Heap before GC invocations=2 (full 0):
 garbage-first heap   total 126976K, used 65323K [0x0000000080000000, 0x0000000100000000)
  region size 1024K, 56 young (57344K), 1 survivors (1024K)
 Metaspace       used 21303K, committed 21504K, reserved 1073152K
  class space    used 2635K, committed 2752K, reserved 1048576K
}
Event: 1.512 GC heap after
{Heap after GC invocations=3 (full 0):
 garbage-first heap   total 126976K, used 17842K [0x0000000080000000, 0x0000000100000000)
  region size 1024K, 9 young (9216K), 9 survivors (9216K)
 Metaspace       used 21303K, committed 21504K, reserved 1073152K
  class space    used 2635K, committed 2752K, reserved 1048576K
}
Event: 1.884 GC heap before
{Heap before GC invocations=4 (full 0):
 garbage-first heap   total 65536K, used 47538K [0x0000000080000000, 0x0000000100000000)
  region size 1024K, 38 young (38912K), 9 survivors (9216K)
 Metaspace       used 26021K, committed 26304K, reserved 1073152K
  class space    used 3392K, committed 3520K, reserved 1048576K
}
Event: 1.889 GC heap after
{Heap after GC invocations=5 (full 0):
 garbage-first heap   total 65536K, used 19578K [0x0000000080000000, 0x0000000100000000)
  region size 1024K, 3 young (3072K), 3 survivors (3072K)
 Metaspace       used 26021K, committed 26304K, reserved 1073152K
  class space    used 3392K, committed 3520K, reserved 1048576K
}
Event: 1.897 GC heap before
{Heap before GC invocations=5 (full 0):
 garbage-first heap   total 65536K, used 20602K [0x0000000080000000, 0x0000000100000000)
  region size 1024K, 4 young (4096K), 3 survivors (3072K)
 Metaspace       used 26138K, committed 26368K, reserved 1073152K
  class space    used 3420K, committed 3520K, reserved 1048576K
}
Event: 1.899 GC heap after
{Heap after GC invocations=6 (full 0):
 garbage-first heap   total 65536K, used 19530K [0x0000000080000000, 0x0000000100000000)
  region size 1024K, 1 young (1024K), 1 survivors (1024K)
 Metaspace       used 26138K, committed 26368K, reserved 1073152K
  class space    used 3420K, committed 3520K, reserved 1048576K
}
Event: 2.099 GC heap before
{Heap before GC invocations=6 (full 0):
 garbage-first heap   total 65536K, used 43082K [0x0000000080000000, 0x0000000100000000)
  region size 1024K, 16 young (16384K), 1 survivors (1024K)
 Metaspace       used 28027K, committed 28352K, reserved 1081344K
  class space    used 3750K, committed 3904K, reserved 1048576K
}
Event: 2.102 GC heap after
{Heap after GC invocations=7 (full 0):
 garbage-first heap   total 124928K, used 32527K [0x0000000080000000, 0x0000000100000000)
  region size 1024K, 4 young (4096K), 4 survivors (4096K)
 Metaspace       used 28027K, committed 28352K, reserved 1081344K
  class space    used 3750K, committed 3904K, reserved 1048576K
}
Event: 2.734 GC heap before
{Heap before GC invocations=7 (full 0):
 garbage-first heap   total 124928K, used 99087K [0x0000000080000000, 0x0000000100000000)
  region size 1024K, 52 young (53248K), 4 survivors (4096K)
 Metaspace       used 35644K, committed 35968K, reserved 1081344K
  class space    used 4816K, committed 4992K, reserved 1048576K
}
Event: 2.738 GC heap after
{Heap after GC invocations=8 (full 0):
 garbage-first heap   total 124928K, used 56897K [0x0000000080000000, 0x0000000100000000)
  region size 1024K, 7 young (7168K), 7 survivors (7168K)
 Metaspace       used 35644K, committed 35968K, reserved 1081344K
  class space    used 4816K, committed 4992K, reserved 1048576K
}
Event: 3.121 GC heap before
{Heap before GC invocations=9 (full 0):
 garbage-first heap   total 124928K, used 97857K [0x0000000080000000, 0x0000000100000000)
  region size 1024K, 45 young (46080K), 7 survivors (7168K)
 Metaspace       used 41054K, committed 41408K, reserved 1089536K
  class space    used 5334K, committed 5504K, reserved 1048576K
}
Event: 3.126 GC heap after
{Heap after GC invocations=10 (full 0):
 garbage-first heap   total 124928K, used 62232K [0x0000000080000000, 0x0000000100000000)
  region size 1024K, 5 young (5120K), 5 survivors (5120K)
 Metaspace       used 41054K, committed 41408K, reserved 1089536K
  class space    used 5334K, committed 5504K, reserved 1048576K
}
Event: 3.138 GC heap before
{Heap before GC invocations=10 (full 0):
 garbage-first heap   total 124928K, used 63256K [0x0000000080000000, 0x0000000100000000)
  region size 1024K, 6 young (6144K), 5 survivors (5120K)
 Metaspace       used 41163K, committed 41472K, reserved 1089536K
  class space    used 5351K, committed 5504K, reserved 1048576K
}
Event: 3.140 GC heap after
{Heap after GC invocations=11 (full 0):
 garbage-first heap   total 124928K, used 61835K [0x0000000080000000, 0x0000000100000000)
  region size 1024K, 1 young (1024K), 1 survivors (1024K)
 Metaspace       used 41163K, committed 41472K, reserved 1089536K
  class space    used 5351K, committed 5504K, reserved 1048576K
}

