# JRE version: OpenJDK Runtime Environment (17.0.6) (build 17.0.6+0-b2043.56-9586694)
# Java VM: OpenJDK 64-Bit Server VM (17.0.6+0-b2043.56-9586694, mixed mode, tiered, compressed oops, compressed class ptrs, g1 gc, windows-amd64)
GC Precious Log:
 CPUs: 8 total, 8 available
 Memory: 7900M
 Large Page Support: Disabled
 NUMA Support: Disabled
 Compressed Oops: Enabled (32-bit)
 Heap Region Size: 1M
 Heap Min Capacity: 8M
 Heap Initial Capacity: 124M
 Heap Max Capacity: 2G
 Pre-touch: Disabled
 Parallel Workers: 8
 Concurrent Workers: 2
 Concurrent Refinement Workers: 8
 Periodic GC: Disabled
Heap:
 garbage-first heap   total 140288K, used 87615K [0x0000000080000000, 0x0000000100000000)
  region size 1024K, 3 young (3072K), 3 survivors (3072K)
 Metaspace       used 46616K, committed 46976K, reserved 1089536K
  class space    used 6247K, committed 6400K, reserved 1048576K
GC Heap History (20 events):
Event: 2.183 GC heap after
{Heap after GC invocations=8 (full 0):
 garbage-first heap   total 101376K, used 45852K [0x0000000080000000, 0x0000000100000000)
  region size 1024K, 1 young (1024K), 1 survivors (1024K)
 Metaspace       used 28152K, committed 28480K, reserved 1081344K
  class space    used 3770K, committed 3904K, reserved 1048576K
}
Event: 2.497 GC heap before
{Heap before GC invocations=9 (full 0):
 garbage-first heap   total 101376K, used 80668K [0x0000000080000000, 0x0000000100000000)
  region size 1024K, 29 young (29696K), 1 survivors (1024K)
 Metaspace       used 31819K, committed 32192K, reserved 1081344K
  class space    used 4369K, committed 4544K, reserved 1048576K
}
Event: 2.498 GC heap after
{Heap after GC invocations=10 (full 0):
 garbage-first heap   total 101376K, used 55344K [0x0000000080000000, 0x0000000100000000)
  region size 1024K, 3 young (3072K), 3 survivors (3072K)
 Metaspace       used 31819K, committed 32192K, reserved 1081344K
  class space    used 4369K, committed 4544K, reserved 1048576K
}
Event: 2.506 GC heap before
{Heap before GC invocations=10 (full 0):
 garbage-first heap   total 101376K, used 56368K [0x0000000080000000, 0x0000000100000000)
  region size 1024K, 4 young (4096K), 3 survivors (3072K)
 Metaspace       used 31920K, committed 32256K, reserved 1081344K
  class space    used 4390K, committed 4544K, reserved 1048576K
}
Event: 2.508 GC heap after
{Heap after GC invocations=11 (full 0):
 garbage-first heap   total 101376K, used 55601K [0x0000000080000000, 0x0000000100000000)
  region size 1024K, 1 young (1024K), 1 survivors (1024K)
 Metaspace       used 31920K, committed 32256K, reserved 1081344K
  class space    used 4390K, committed 4544K, reserved 1048576K
}
Event: 2.827 GC heap before
{Heap before GC invocations=11 (full 0):
 garbage-first heap   total 101376K, used 78129K [0x0000000080000000, 0x0000000100000000)
  region size 1024K, 24 young (24576K), 1 survivors (1024K)
 Metaspace       used 38334K, committed 38720K, reserved 1089536K
  class space    used 5137K, committed 5312K, reserved 1048576K
}
Event: 2.829 GC heap after
{Heap after GC invocations=12 (full 0):
 garbage-first heap   total 101376K, used 58120K [0x0000000080000000, 0x0000000100000000)
  region size 1024K, 3 young (3072K), 3 survivors (3072K)
 Metaspace       used 38334K, committed 38720K, reserved 1089536K
  class space    used 5137K, committed 5312K, reserved 1048576K
}
Event: 2.959 GC heap before
{Heap before GC invocations=13 (full 0):
 garbage-first heap   total 102400K, used 79624K [0x0000000080000000, 0x0000000100000000)
  region size 1024K, 25 young (25600K), 3 survivors (3072K)
 Metaspace       used 39472K, committed 39872K, reserved 1089536K
  class space    used 5223K, committed 5440K, reserved 1048576K
}
Event: 2.963 GC heap after
{Heap after GC invocations=14 (full 0):
 garbage-first heap   total 102400K, used 60554K [0x0000000080000000, 0x0000000100000000)
  region size 1024K, 3 young (3072K), 3 survivors (3072K)
 Metaspace       used 39472K, committed 39872K, reserved 1089536K
  class space    used 5223K, committed 5440K, reserved 1048576K
}
Event: 3.013 GC heap before
{Heap before GC invocations=14 (full 0):
 garbage-first heap   total 102400K, used 64650K [0x0000000080000000, 0x0000000100000000)
  region size 1024K, 9 young (9216K), 3 survivors (3072K)
 Metaspace       used 39940K, committed 40384K, reserved 1089536K
  class space    used 5277K, committed 5504K, reserved 1048576K
}
Event: 3.014 GC heap after
{Heap after GC invocations=15 (full 0):
 garbage-first heap   total 102400K, used 61317K [0x0000000080000000, 0x0000000100000000)
  region size 1024K, 2 young (2048K), 2 survivors (2048K)
 Metaspace       used 39940K, committed 40384K, reserved 1089536K
  class space    used 5277K, committed 5504K, reserved 1048576K
}
Event: 3.314 GC heap before
{Heap before GC invocations=16 (full 0):
 garbage-first heap   total 111616K, used 85893K [0x0000000080000000, 0x0000000100000000)
  region size 1024K, 23 young (23552K), 2 survivors (2048K)
 Metaspace       used 43314K, committed 43712K, reserved 1089536K
  class space    used 5695K, committed 5888K, reserved 1048576K
}
Event: 3.316 GC heap after
{Heap after GC invocations=17 (full 0):
 garbage-first heap   total 111616K, used 61959K [0x0000000080000000, 0x0000000100000000)
  region size 1024K, 2 young (2048K), 2 survivors (2048K)
 Metaspace       used 43314K, committed 43712K, reserved 1089536K
  class space    used 5695K, committed 5888K, reserved 1048576K
}
Event: 3.412 GC heap before
{Heap before GC invocations=17 (full 0):
 garbage-first heap   total 111616K, used 67079K [0x0000000080000000, 0x0000000100000000)
  region size 1024K, 8 young (8192K), 2 survivors (2048K)
 Metaspace       used 43922K, committed 44288K, reserved 1089536K
  class space    used 5793K, committed 5952K, reserved 1048576K
}
Event: 3.414 GC heap after
{Heap after GC invocations=18 (full 0):
 garbage-first heap   total 111616K, used 62611K [0x0000000080000000, 0x0000000100000000)
  region size 1024K, 3 young (3072K), 3 survivors (3072K)
 Metaspace       used 43922K, committed 44288K, reserved 1089536K
  class space    used 5793K, committed 5952K, reserved 1048576K
}
Event: 3.450 GC heap before
{Heap before GC invocations=19 (full 0):
 garbage-first heap   total 116736K, used 78995K [0x0000000080000000, 0x0000000100000000)
  region size 1024K, 4 young (4096K), 3 survivors (3072K)
 Metaspace       used 43923K, committed 44288K, reserved 1089536K
  class space    used 5793K, committed 5952K, reserved 1048576K
}
Event: 3.452 GC heap after
{Heap after GC invocations=20 (full 0):
 garbage-first heap   total 116736K, used 79592K [0x0000000080000000, 0x0000000100000000)
  region size 1024K, 3 young (3072K), 3 survivors (3072K)
 Metaspace       used 43923K, committed 44288K, reserved 1089536K
  class space    used 5793K, committed 5952K, reserved 1048576K
}
Event: 3.606 GC heap before
{Heap before GC invocations=21 (full 0):
 garbage-first heap   total 140288K, used 97000K [0x0000000080000000, 0x0000000100000000)
  region size 1024K, 16 young (16384K), 3 survivors (3072K)
 Metaspace       used 46195K, committed 46592K, reserved 1089536K
  class space    used 6219K, committed 6400K, reserved 1048576K
}
Event: 3.608 GC heap after
{Heap after GC invocations=22 (full 0):
 garbage-first heap   total 140288K, used 87339K [0x0000000080000000, 0x0000000100000000)
  region size 1024K, 2 young (2048K), 2 survivors (2048K)
 Metaspace       used 46195K, committed 46592K, reserved 1089536K
  class space    used 6219K, committed 6400K, reserved 1048576K
}
Event: 3.741 GC heap before
{Heap before GC invocations=22 (full 0):
 garbage-first heap   total 140288K, used 107819K [0x0000000080000000, 0x0000000100000000)
  region size 1024K, 22 young (22528K), 2 survivors (2048K)
 Metaspace       used 46616K, committed 46976K, reserved 1089536K
  class space    used 6247K, committed 6400K, reserved 1048576K
}

